Arguments: 
  /usr/local/bin/node /usr/local/bin/yarn add express ejs

PATH: 
  /usr/local/bin:/usr/bin:/bin:/usr/sbin:/sbin

Yarn version: 
  1.12.3

Node version: 
  10.13.0

Platform: 
  darwin x64

Trace: 
  SyntaxError: /Applications/MAMP/htdocs/dex-node-app/package.json: Unexpected token ; in JSON at position 108
      at JSON.parse (<anonymous>)
      at /usr/local/lib/node_modules/yarn/lib/cli.js:1631:59
      at Generator.next (<anonymous>)
      at step (/usr/local/lib/node_modules/yarn/lib/cli.js:304:30)
      at /usr/local/lib/node_modules/yarn/lib/cli.js:315:13

npm manifest: 
  {
    "name": "dex-node-app",
    "version": "1.0.0",
    "main": "app.js",
    "scripts": {
      "start": "node app";
    },
    "license": "MIT"
  }

yarn manifest: 
  No manifest

Lockfile: 
  No lockfile
